0 - Sat Nov 22 21:46:38 2025 - Data file opened
1 - Sat Nov 22 21:46:39 2025 - Data insertion succeeded
2 - Sat Nov 22 21:46:39 2025 - Data insertion succeededData insertion succeeded
3 - Sat Nov 22 21:46:44 2025 - Data insertion succeededData file closed
0 - Sat Nov 22 21:46:44 2025 - Data file opened
1 - Sat Nov 22 21:46:45 2025 - Data insertion succeededData insertion succeededData insertion succeeded
2 - Sat Nov 22 21:46:50 2025 - Data insertion succeededData file closed
0 - Sat Nov 22 22:08:48 2025 - Data file opened
1 - Sat Nov 22 22:08:49 2025 - Data insertion succeeded
2 - Sat Nov 22 22:08:49 2025 - Data insertion succeeded
3 - Sat Nov 22 22:08:49 2025 - Data insertion succeeded
4 - Sat Nov 22 22:08:54 2025 - Data insertion succeeded
5 - Sat Nov 22 22:08:54 2025 - Data file closed
0 - Sat Nov 22 22:09:09 2025 - Data file opened
1 - Sat Nov 22 22:09:10 2025 - Data insertion succeeded
2 - Sat Nov 22 22:09:10 2025 - Data insertion succeeded
3 - Sat Nov 22 22:09:10 2025 - Data insertion succeeded
4 - Sat Nov 22 22:09:15 2025 - Data insertion succeeded
5 - Sat Nov 22 22:09:15 2025 - Data file closed
0 - Sat Nov 22 22:09:15 2025 - Data file opened
1 - Sat Nov 22 22:09:16 2025 - Data insertion succeeded
2 - Sat Nov 22 22:09:16 2025 - Data insertion succeeded
3 - Sat Nov 22 22:09:16 2025 - Data insertion succeeded
4 - Sat Nov 22 22:09:21 2025 - Data insertion succeeded
5 - Sat Nov 22 22:09:21 2025 - Data file closed
0 - Sat Nov 22 22:35:43 2025 - Data file opened
1 - Sat Nov 22 22:35:44 2025 - Data inserted
2 - Sat Nov 22 22:35:44 2025 - Data inserted
3 - Sat Nov 22 22:35:44 2025 - Data inserted
4 - Sat Nov 22 22:35:49 2025 - Data inserted
5 - Sat Nov 22 22:35:49 2025 - Data file closed
0 - Sat Nov 22 22:35:52 2025 - Data file opened
1 - Sat Nov 22 22:35:53 2025 - Data inserted
2 - Sat Nov 22 22:35:53 2025 - Data inserted
3 - Sat Nov 22 22:35:53 2025 - Data inserted
4 - Sat Nov 22 22:35:58 2025 - Data inserted
5 - Sat Nov 22 22:35:58 2025 - Data file closed
0 - Sat Nov 22 22:35:58 2025 - Data file opened
1 - Sat Nov 22 22:35:59 2025 - Data inserted
2 - Sat Nov 22 22:35:59 2025 - Data inserted
3 - Sat Nov 22 22:35:59 2025 - Data inserted
4 - Sat Nov 22 22:36:04 2025 - Data inserted
5 - Sat Nov 22 22:36:04 2025 - Data file closed
0 - Sat Nov 22 22:37:01 2025 - Data file opened
1 - Sat Nov 22 22:37:02 2025 - Data inserted
2 - Sat Nov 22 22:37:02 2025 - Data inserted
3 - Sat Nov 22 22:37:02 2025 - Data inserted
4 - Sat Nov 22 22:37:07 2025 - Data inserted
5 - Sat Nov 22 22:37:07 2025 - Data file closed
